
ROM used:   2772/8192 (34%)
            2962/8192 (36%) including unused fragments

            1.5 Average locations per line
            7.1 Average locations per statement

RAM used:   44/368 (12%) at main() level
            70/368 (19%) worst case

Stack used: 6 worst case (6 in main + 0 for interrupts)
Stack size: 8

Lines Stmts  %   Files
----- ----- ---  -----
  459   266  68  proyecto2.c
  786     0   0  ..\..\..\..\..\Program Files (x86)\PICC\Devices\16f887.h
  456    84  22  ..\..\..\..\..\Program Files (x86)\PICC\Drivers\LCD.C
  135    40  10  ..\..\..\..\..\Program Files (x86)\PICC\Drivers\KBD.C
----- -----
 1836   390 Total

Page ROM  %  RAM    Vol Diff  Functions:
---- --- --- ---    --- ----  ----------
0     21   1    1             @delay_ms1
 Inline         3    596  5.9  lcd_read_byte
0      6   0    0     59  4.2  lcd_read_nibble
0     12   0    1    179  3.3  lcd_send_nibble
0     64   2    3    460  4.7  lcd_send_byte
0     60   2    6    814  7.2  lcd_init
0     18   1    4    208  6.3  lcd_gotoxy
0     44   2    1    354  4.7  lcd_putc
0     16   1    0             @const684
0      3   0    0      3  0.0  kbd_init
0    101   4    3   4540 10.2  kbd_getc
0     37   1    2             @MUL88
0     14   1    0             @const702
0     72   3    0    674  3.8  TECLADO
0     89   3    0    837  4.8  pedir_clave
0     83   3   12    449  5.4  validar_clave
0     21   1    5             @MUL1616
0    339  12   13   1858  5.9  cambio_clave
0      1   0    0             @const733
0     86   3    4             @PSTRINGC7_670
0      7   0    0             @const738
0      1   0    0             @const739
0      7   0    0             @const740
0      1   0    0             @const741
0      9   0    0             @const742
0      1   0    0             @const743
1    914  33   20   6371  9.6  MAIN
0      1   0    0             @const756
0      8   0    0             @const757
0      1   0    0             @const758
0      9   0    0             @const759
0      1   0    0             @const760
0      9   0    0             @const761
0      1   0    0             @const762
0     16   1    0             @const763
0     87   3    5             @PSTRINGCN7_670
0     20   1    0             @const767
0     14   1    0             @const770
0     16   1    0             @const774
0      1   0    0             @const775
0     31   1    2             @ITOF
0    117   4   13             @MULFF
0      8   0    0             @const781
0      7   0    0             @const782
 Inline         5             @FTOSD
0     79   3   13             @DIV3232
0    224   8   13             @PRINTF_L32D_670FPFPF
0     65   2   10             @FLT
0      8   0    0             @const797
0      7   0    0             @const798
0      1   0    0             @const799
0      9   0    0             @const800
0      1   0    0             @const801
 Inline         0             @cinit1

Program metrics:
    Functions               14
    Statements              390
    Comments                391
    Volume (V)              24715
    Difficulty (D)          71.8
    Effort to implement (E) 1773826
    Time to implement (T)   27 hours, 22 minutes
    Est Delivered Bugs (B)  5
    Cyclomatic Complexity   60
    Maintainability (MI)    124

 Segment     Used  Free
-----------  ----  ----
00000-00003     4  0  
00004-007FF  1854  190  
00800-00FFF   914  1134  
01000-017FF     0  2048  
01800-01FFF     0  2048  



